********************************************************************************
DUPLICATOR-LITE PACKAGE-LOG: December 15, 2019 4:40 am
NOTICE: Do NOT post to public sites or forums 
********************************************************************************
VERSION:	1.3.24
WORDPRESS:	5.3.1
PHP INFO:	5.6.25 | SAPI: apache2handler
SERVER:		Apache/2.4.23 (Win64) PHP/5.6.25 
PHP TIME LIMIT: (0) no time limit imposed 
PHP MAX MEMORY: 4294967296 (256M default) 
MEMORY STACK: 48.75MB

********************************************************************************
DATABASE:
********************************************************************************
BUILD MODE:   PHP(query limit - 100)
MYSQLTIMEOUT: 5000
MYSQLDUMP:    Not Supported
TABLES: total:13 | filtered:0 | create:13
FILTERED: []
SQL CREATED: 20191215_smartattendancemarkingsystem_30f07abf031c47b09381_20191215043658_database.sql
SQL FILE SIZE: 1.18MB (1239335)
SQL FILE TIME: 2019-12-15 04:40:16
SQL RUNTIME: 1.89 sec.

********************************************************************************
ARCHIVE (ZIP):
********************************************************************************
ARCHIVE DIR:  C:/wamp64/www/pixel
ARCHIVE FILE: 20191215_smartattendancemarkingsystem_30f07abf031c47b09381_20191215043658_archive.zip
FILTERS: *OFF*
DIRS:
	not set
FILES:
	not set
EXTS:  not set
----------------------------------------
COMPRESSING
SIZE:	69.66MB
STATS:	Dirs 482 | Files 3,479
SQL ADDED: 20191215_smartattendancemarkingsystem_30f07abf031c47b09381_20191215043658_database.sql
ZipArchive Object
(
    [status] => 0
    [statusSys] => 0
    [numFiles] => 3961
    [filename] => C:\wamp64\www\pixel\wp-snapshots\tmp\20191215_smartattendancemarkingsystem_30f07abf031c47b09381_20191215043658_archive.zip
    [comment] => 
)

FILE ADDED TO ZIP: 3960
COMPRESSION RESULT: '1'
COMPRESSED SIZE: 26.35MB
ARCHIVE RUNTIME: 37.00 sec.
MEMORY STACK: 50.25MB
building installer
add_extra_files1
add_extra_files2
add_extra_files3
add_extra_files4
Doing archive file check
add_extra_files5
add_extra_files6
add_extra_files8
Successfully opened zip C:/wamp64/www/pixel/wp-snapshots/tmp/20191215_smartattendancemarkingsystem_30f07abf031c47b09381_20191215043658_archive.zip
Adding enhanced installer files to archive using ZipArchive
Installer files added to archive
Added to archive
After ziparchive close when adding installer

********************************************************************************
INTEGRITY CHECKS:
********************************************************************************
SQL FILE: 1.18MB
INSTALLER FILE: 60.55KB
ARCHIVE FILE: 27.67MB 
EXPECTED FILE/DIRECTORY COUNT: 3,961
ACTUAL FILE/DIRECTORY COUNT: 3,960
ARCHIVE CONSISTENCY TEST: Pass

********************************************************************************
RECORD ID:[1]
TOTAL PROCESS RUNTIME: 41.50 sec.
PEAK PHP MEMORY USED: 52.25MB
DONE PROCESSING => 20191215_smartattendancemarkingsystem December 15, 2019 4:40 am

